# JRE version: OpenJDK Runtime Environment (8.0_112-b06) (build 1.8.0_112-release-b06)
# Java VM: OpenJDK 64-Bit Server VM (25.112-b06 mixed mode windows-amd64 compressed oops)
Heap:
 PSYoungGen      total 247808K, used 42615K [0x00000000eab00000, 0x00000000fb000000, 0x0000000100000000)
  eden space 238592K, 17% used [0x00000000eab00000,0x00000000ed49dda0,0x00000000f9400000)
  from space 9216K, 0% used [0x00000000fa700000,0x00000000fa700000,0x00000000fb000000)
  to   space 14336K, 0% used [0x00000000f9400000,0x00000000f9400000,0x00000000fa200000)
 ParOldGen       total 99328K, used 22248K [0x00000000c0000000, 0x00000000c6100000, 0x00000000eab00000)
  object space 99328K, 22% used [0x00000000c0000000,0x00000000c15ba3a0,0x00000000c6100000)
 Metaspace       used 42767K, capacity 43694K, committed 43992K, reserved 1087488K
  class space    used 5760K, capacity 6010K, committed 6104K, reserved 1048576K
GC Heap History (10 events):
Event: 3.589 GC heap before
{Heap before GC invocations=5 (full 1):
 PSYoungGen      total 76288K, used 65536K [0x00000000eab00000, 0x00000000f4000000, 0x0000000100000000)
  eden space 65536K, 100% used [0x00000000eab00000,0x00000000eeb00000,0x00000000eeb00000)
  from space 10752K, 0% used [0x00000000eeb00000,0x00000000eeb00000,0x00000000ef580000)
  to   space 10752K, 0% used [0x00000000f3580000,0x00000000f3580000,0x00000000f4000000)
 ParOldGen       total 85504K, used 13104K [0x00000000c0000000, 0x00000000c5380000, 0x00000000eab00000)
  object space 85504K, 15% used [0x00000000c0000000,0x00000000c0ccc1d8,0x00000000c5380000)
 Metaspace       used 26472K, capacity 26964K, committed 27136K, reserved 1073152K
  class space    used 3656K, capacity 3782K, committed 3840K, reserved 1048576K
Event: 3.596 GC heap after
Heap after GC invocations=5 (full 1):
 PSYoungGen      total 135168K, used 8118K [0x00000000eab00000, 0x00000000f3d80000, 0x0000000100000000)
  eden space 126976K, 0% used [0x00000000eab00000,0x00000000eab00000,0x00000000f2700000)
  from space 8192K, 99% used [0x00000000f3580000,0x00000000f3d6d9d0,0x00000000f3d80000)
  to   space 10752K, 0% used [0x00000000f2880000,0x00000000f2880000,0x00000000f3300000)
 ParOldGen       total 85504K, used 13112K [0x00000000c0000000, 0x00000000c5380000, 0x00000000eab00000)
  object space 85504K, 15% used [0x00000000c0000000,0x00000000c0cce1d8,0x00000000c5380000)
 Metaspace       used 26472K, capacity 26964K, committed 27136K, reserved 1073152K
  class space    used 3656K, capacity 3782K, committed 3840K, reserved 1048576K
}
Event: 5.423 GC heap before
{Heap before GC invocations=6 (full 1):
 PSYoungGen      total 135168K, used 116095K [0x00000000eab00000, 0x00000000f3d80000, 0x0000000100000000)
  eden space 126976K, 85% used [0x00000000eab00000,0x00000000f14725c8,0x00000000f2700000)
  from space 8192K, 99% used [0x00000000f3580000,0x00000000f3d6d9d0,0x00000000f3d80000)
  to   space 10752K, 0% used [0x00000000f2880000,0x00000000f2880000,0x00000000f3300000)
 ParOldGen       total 85504K, used 13112K [0x00000000c0000000, 0x00000000c5380000, 0x00000000eab00000)
  object space 85504K, 15% used [0x00000000c0000000,0x00000000c0cce1d8,0x00000000c5380000)
 Metaspace       used 34531K, capacity 35240K, committed 35416K, reserved 1079296K
  class space    used 4657K, capacity 4880K, committed 4952K, reserved 1048576K
Event: 5.444 GC heap after
Heap after GC invocations=6 (full 1):
 PSYoungGen      total 139264K, used 10737K [0x00000000eab00000, 0x00000000fb500000, 0x0000000100000000)
  eden space 128512K, 0% used [0x00000000eab00000,0x00000000eab00000,0x00000000f2880000)
  from space 10752K, 99% used [0x00000000f2880000,0x00000000f32fc4f8,0x00000000f3300000)
  to   space 14336K, 0% used [0x00000000fa700000,0x00000000fa700000,0x00000000fb500000)
 ParOldGen       total 85504K, used 14444K [0x00000000c0000000, 0x00000000c5380000, 0x00000000eab00000)
  object space 85504K, 16% used [0x00000000c0000000,0x00000000c0e1b1f0,0x00000000c5380000)
 Metaspace       used 34531K, capacity 35240K, committed 35416K, reserved 1079296K
  class space    used 4657K, capacity 4880K, committed 4952K, reserved 1048576K
}
Event: 5.444 GC heap before
{Heap before GC invocations=7 (full 2):
 PSYoungGen      total 139264K, used 10737K [0x00000000eab00000, 0x00000000fb500000, 0x0000000100000000)
  eden space 128512K, 0% used [0x00000000eab00000,0x00000000eab00000,0x00000000f2880000)
  from space 10752K, 99% used [0x00000000f2880000,0x00000000f32fc4f8,0x00000000f3300000)
  to   space 14336K, 0% used [0x00000000fa700000,0x00000000fa700000,0x00000000fb500000)
 ParOldGen       total 85504K, used 14444K [0x00000000c0000000, 0x00000000c5380000, 0x00000000eab00000)
  object space 85504K, 16% used [0x00000000c0000000,0x00000000c0e1b1f0,0x00000000c5380000)
 Metaspace       used 34531K, capacity 35240K, committed 35416K, reserved 1079296K
  class space    used 4657K, capacity 4880K, committed 4952K, reserved 1048576K
Event: 5.527 GC heap after
Heap after GC invocations=7 (full 2):
 PSYoungGen      total 139264K, used 0K [0x00000000eab00000, 0x00000000fb500000, 0x0000000100000000)
  eden space 128512K, 0% used [0x00000000eab00000,0x00000000eab00000,0x00000000f2880000)
  from space 10752K, 0% used [0x00000000f2880000,0x00000000f2880000,0x00000000f3300000)
  to   space 14336K, 0% used [0x00000000fa700000,0x00000000fa700000,0x00000000fb500000)
 ParOldGen       total 99328K, used 18502K [0x00000000c0000000, 0x00000000c6100000, 0x00000000eab00000)
  object space 99328K, 18% used [0x00000000c0000000,0x00000000c1211890,0x00000000c6100000)
 Metaspace       used 34531K, capacity 35240K, committed 35416K, reserved 1079296K
  class space    used 4657K, capacity 4880K, committed 4952K, reserved 1048576K
}
Event: 6.005 GC heap before
{Heap before GC invocations=8 (full 2):
 PSYoungGen      total 139264K, used 87213K [0x00000000eab00000, 0x00000000fb500000, 0x0000000100000000)
  eden space 128512K, 67% used [0x00000000eab00000,0x00000000f002b498,0x00000000f2880000)
  from space 10752K, 0% used [0x00000000f2880000,0x00000000f2880000,0x00000000f3300000)
  to   space 14336K, 0% used [0x00000000fa700000,0x00000000fa700000,0x00000000fb500000)
 ParOldGen       total 99328K, used 18502K [0x00000000c0000000, 0x00000000c6100000, 0x00000000eab00000)
  object space 99328K, 18% used [0x00000000c0000000,0x00000000c1211890,0x00000000c6100000)
 Metaspace       used 38518K, capacity 39334K, committed 39512K, reserved 1087488K
  class space    used 5191K, capacity 5396K, committed 5464K, reserved 1048576K
Event: 6.021 GC heap after
Heap after GC invocations=8 (full 2):
 PSYoungGen      total 247808K, used 8986K [0x00000000eab00000, 0x00000000fb000000, 0x0000000100000000)
  eden space 238592K, 0% used [0x00000000eab00000,0x00000000eab00000,0x00000000f9400000)
  from space 9216K, 97% used [0x00000000fa700000,0x00000000fafc6b10,0x00000000fb000000)
  to   space 14336K, 0% used [0x00000000f9400000,0x00000000f9400000,0x00000000fa200000)
 ParOldGen       total 99328K, used 18510K [0x00000000c0000000, 0x00000000c6100000, 0x00000000eab00000)
  object space 99328K, 18% used [0x00000000c0000000,0x00000000c1213890,0x00000000c6100000)
 Metaspace       used 38518K, capacity 39334K, committed 39512K, reserved 1087488K
  class space    used 5191K, capacity 5396K, committed 5464K, reserved 1048576K
}
Event: 6.021 GC heap before
{Heap before GC invocations=9 (full 3):
 PSYoungGen      total 247808K, used 8986K [0x00000000eab00000, 0x00000000fb000000, 0x0000000100000000)
  eden space 238592K, 0% used [0x00000000eab00000,0x00000000eab00000,0x00000000f9400000)
  from space 9216K, 97% used [0x00000000fa700000,0x00000000fafc6b10,0x00000000fb000000)
  to   space 14336K, 0% used [0x00000000f9400000,0x00000000f9400000,0x00000000fa200000)
 ParOldGen       total 99328K, used 18510K [0x00000000c0000000, 0x00000000c6100000, 0x00000000eab00000)
  object space 99328K, 18% used [0x00000000c0000000,0x00000000c1213890,0x00000000c6100000)
 Metaspace       used 38518K, capacity 39334K, committed 39512K, reserved 1087488K
  class space    used 5191K, capacity 5396K, committed 5464K, reserved 1048576K
Event: 6.115 GC heap after
Heap after GC invocations=9 (full 3):
 PSYoungGen      total 247808K, used 0K [0x00000000eab00000, 0x00000000fb000000, 0x0000000100000000)
  eden space 238592K, 0% used [0x00000000eab00000,0x00000000eab00000,0x00000000f9400000)
  from space 9216K, 0% used [0x00000000fa700000,0x00000000fa700000,0x00000000fb000000)
  to   space 14336K, 0% used [0x00000000f9400000,0x00000000f9400000,0x00000000fa200000)
 ParOldGen       total 99328K, used 22248K [0x00000000c0000000, 0x00000000c6100000, 0x00000000eab00000)
  object space 99328K, 22% used [0x00000000c0000000,0x00000000c15ba3a0,0x00000000c6100000)
 Metaspace       used 38518K, capacity 39334K, committed 39512K, reserved 1085440K
  class space    used 5191K, capacity 5396K, committed 5464K, reserved 1048576K
}

